2002.04.23 16:37 B C:\temp\burn\oscar_cc\lockheed\Fall 2000\_vti_cnf\bigboat.jpg <-- Ipswitch /net/ac89/www-db3/classes/RWL/Projects/lockheed/Fall 2000/_vti_cnf bigboat.jpg
2002.04.23 16:37 B C:\temp\burn\oscar_cc\lockheed\Fall 2000\_vti_cnf\contact.html <-- Ipswitch /net/ac89/www-db3/classes/RWL/Projects/lockheed/Fall 2000/_vti_cnf contact.html
2002.04.23 16:37 B C:\temp\burn\oscar_cc\lockheed\Fall 2000\_vti_cnf\control.jpg <-- Ipswitch /net/ac89/www-db3/classes/RWL/Projects/lockheed/Fall 2000/_vti_cnf control.jpg
2002.04.23 16:37 B C:\temp\burn\oscar_cc\lockheed\Fall 2000\_vti_cnf\critique.html <-- Ipswitch /net/ac89/www-db3/classes/RWL/Projects/lockheed/Fall 2000/_vti_cnf critique.html
2002.04.23 16:37 B C:\temp\burn\oscar_cc\lockheed\Fall 2000\_vti_cnf\database_diagram.gif <-- Ipswitch /net/ac89/www-db3/classes/RWL/Projects/lockheed/Fall 2000/_vti_cnf database_diagram.gif
2002.04.23 16:37 B C:\temp\burn\oscar_cc\lockheed\Fall 2000\_vti_cnf\db.jpg <-- Ipswitch /net/ac89/www-db3/classes/RWL/Projects/lockheed/Fall 2000/_vti_cnf db.jpg
2002.04.23 16:37 B C:\temp\burn\oscar_cc\lockheed\Fall 2000\_vti_cnf\dbdoc.html <-- Ipswitch /net/ac89/www-db3/classes/RWL/Projects/lockheed/Fall 2000/_vti_cnf dbdoc.html
2002.04.23 16:37 B C:\temp\burn\oscar_cc\lockheed\Fall 2000\_vti_cnf\dbdoc.html.bak <-- Ipswitch /net/ac89/www-db3/classes/RWL/Projects/lockheed/Fall 2000/_vti_cnf dbdoc.html.bak
2002.04.23 16:37 B C:\temp\burn\oscar_cc\lockheed\Fall 2000\_vti_cnf\design.doc.html <-- Ipswitch /net/ac89/www-db3/classes/RWL/Projects/lockheed/Fall 2000/_vti_cnf design.doc.html
2002.04.23 16:37 B C:\temp\burn\oscar_cc\lockheed\Fall 2000\_vti_cnf\emails.htm <-- Ipswitch /net/ac89/www-db3/classes/RWL/Projects/lockheed/Fall 2000/_vti_cnf emails.htm
2002.04.23 16:37 B C:\temp\burn\oscar_cc\lockheed\Fall 2000\_vti_cnf\eos.html <-- Ipswitch /net/ac89/www-db3/classes/RWL/Projects/lockheed/Fall 2000/_vti_cnf eos.html
2002.04.23 16:37 B C:\temp\burn\oscar_cc\lockheed\Fall 2000\_vti_cnf\er_diagram.htm <-- Ipswitch /net/ac89/www-db3/classes/RWL/Projects/lockheed/Fall 2000/_vti_cnf er_diagram.htm
2002.04.23 16:37 B C:\temp\burn\oscar_cc\lockheed\Fall 2000\_vti_cnf\erdiagram.jpg <-- Ipswitch /net/ac89/www-db3/classes/RWL/Projects/lockheed/Fall 2000/_vti_cnf erdiagram.jpg
2002.04.23 16:37 B C:\temp\burn\oscar_cc\lockheed\Fall 2000\_vti_cnf\Fall 2000 Final Presentation.ppt <-- Ipswitch /net/ac89/www-db3/classes/RWL/Projects/lockheed/Fall 2000/_vti_cnf Fall 2000 Final Presentation.ppt
2002.04.23 16:37 B C:\temp\burn\oscar_cc\lockheed\Fall 2000\_vti_cnf\Group.jpg <-- Ipswitch /net/ac89/www-db3/classes/RWL/Projects/lockheed/Fall 2000/_vti_cnf Group.jpg
2002.04.23 16:37 B C:\temp\burn\oscar_cc\lockheed\Fall 2000\_vti_cnf\history.html <-- Ipswitch /net/ac89/www-db3/classes/RWL/Projects/lockheed/Fall 2000/_vti_cnf history.html
2002.04.23 16:37 B C:\temp\burn\oscar_cc\lockheed\Fall 2000\_vti_cnf\index.html <-- Ipswitch /net/ac89/www-db3/classes/RWL/Projects/lockheed/Fall 2000/_vti_cnf index.html
2002.04.23 16:37 B C:\temp\burn\oscar_cc\lockheed\Fall 2000\_vti_cnf\logo.gif <-- Ipswitch /net/ac89/www-db3/classes/RWL/Projects/lockheed/Fall 2000/_vti_cnf logo.gif
2002.04.23 16:37 B C:\temp\burn\oscar_cc\lockheed\Fall 2000\_vti_cnf\long.project.plan.html <-- Ipswitch /net/ac89/www-db3/classes/RWL/Projects/lockheed/Fall 2000/_vti_cnf long.project.plan.html
2002.04.23 16:37 B C:\temp\burn\oscar_cc\lockheed\Fall 2000\_vti_cnf\meetings.html <-- Ipswitch /net/ac89/www-db3/classes/RWL/Projects/lockheed/Fall 2000/_vti_cnf meetings.html
2002.04.23 16:37 B C:\temp\burn\oscar_cc\lockheed\Fall 2000\_vti_cnf\missile.jpg <-- Ipswitch /net/ac89/www-db3/classes/RWL/Projects/lockheed/Fall 2000/_vti_cnf missile.jpg
2002.04.23 16:37 B C:\temp\burn\oscar_cc\lockheed\Fall 2000\_vti_cnf\object_diagram.jpg <-- Ipswitch /net/ac89/www-db3/classes/RWL/Projects/lockheed/Fall 2000/_vti_cnf object_diagram.jpg
2002.04.23 16:37 B C:\temp\burn\oscar_cc\lockheed\Fall 2000\_vti_cnf\presentation.html <-- Ipswitch /net/ac89/www-db3/classes/RWL/Projects/lockheed/Fall 2000/_vti_cnf presentation.html
2002.04.23 16:37 B C:\temp\burn\oscar_cc\lockheed\Fall 2000\_vti_cnf\requirements.html <-- Ipswitch /net/ac89/www-db3/classes/RWL/Projects/lockheed/Fall 2000/_vti_cnf requirements.html
2002.04.23 16:37 B C:\temp\burn\oscar_cc\lockheed\Fall 2000\_vti_cnf\reviews.html <-- Ipswitch /net/ac89/www-db3/classes/RWL/Projects/lockheed/Fall 2000/_vti_cnf reviews.html
2002.04.23 16:37 B C:\temp\burn\oscar_cc\lockheed\Fall 2000\_vti_cnf\screenshots.html <-- Ipswitch /net/ac89/www-db3/classes/RWL/Projects/lockheed/Fall 2000/_vti_cnf screenshots.html
2002.04.23 16:37 B C:\temp\burn\oscar_cc\lockheed\Fall 2000\_vti_cnf\short.project.plan.html <-- Ipswitch /net/ac89/www-db3/classes/RWL/Projects/lockheed/Fall 2000/_vti_cnf short.project.plan.html
2002.04.23 16:37 B C:\temp\burn\oscar_cc\lockheed\Fall 2000\_vti_cnf\short.update.GIF <-- Ipswitch /net/ac89/www-db3/classes/RWL/Projects/lockheed/Fall 2000/_vti_cnf short.update.GIF
2002.04.23 16:37 B C:\temp\burn\oscar_cc\lockheed\Fall 2000\_vti_cnf\sql_statements.txt <-- Ipswitch /net/ac89/www-db3/classes/RWL/Projects/lockheed/Fall 2000/_vti_cnf sql_statements.txt
2002.04.23 16:37 B C:\temp\burn\oscar_cc\lockheed\Fall 2000\_vti_cnf\status.GIF <-- Ipswitch /net/ac89/www-db3/classes/RWL/Projects/lockheed/Fall 2000/_vti_cnf status.GIF
2002.04.23 16:37 B C:\temp\burn\oscar_cc\lockheed\Fall 2000\_vti_cnf\statusreports.html <-- Ipswitch /net/ac89/www-db3/classes/RWL/Projects/lockheed/Fall 2000/_vti_cnf statusreports.html
2002.04.23 16:37 B C:\temp\burn\oscar_cc\lockheed\Fall 2000\_vti_cnf\test.plan.html <-- Ipswitch /net/ac89/www-db3/classes/RWL/Projects/lockheed/Fall 2000/_vti_cnf test.plan.html
2002.04.23 16:37 B C:\temp\burn\oscar_cc\lockheed\Fall 2000\_vti_cnf\updated.short.project.plan.html <-- Ipswitch /net/ac89/www-db3/classes/RWL/Projects/lockheed/Fall 2000/_vti_cnf updated.short.project.plan.html
2002.04.23 16:37 B C:\temp\burn\oscar_cc\lockheed\Fall 2000\_vti_cnf\usecases.gif <-- Ipswitch /net/ac89/www-db3/classes/RWL/Projects/lockheed/Fall 2000/_vti_cnf usecases.gif
2002.04.23 16:37 B C:\temp\burn\oscar_cc\lockheed\Fall 2000\_vti_cnf\usecasesui.html <-- Ipswitch /net/ac89/www-db3/classes/RWL/Projects/lockheed/Fall 2000/_vti_cnf usecasesui.html
