2002.04.23 16:04 B C:\temp\burn\acme\public_html\cs4235\project\small\CharacterConversion.html <-- Ipswitch /tnt1/41/gte187k/public_html/cs4235/project/small CharacterConversion.html
2002.04.23 16:04 B C:\temp\burn\acme\public_html\cs4235\project\small\design.doc <-- Ipswitch /tnt1/41/gte187k/public_html/cs4235/project/small design.doc
2002.04.23 16:04 B C:\temp\burn\acme\public_html\cs4235\project\small\EncryptionCaesarMethod.class <-- Ipswitch /tnt1/41/gte187k/public_html/cs4235/project/small EncryptionCaesarMethod.class
2002.04.23 16:04 B C:\temp\burn\acme\public_html\cs4235\project\small\EncryptionCaesarMethod.java <-- Ipswitch /tnt1/41/gte187k/public_html/cs4235/project/small EncryptionCaesarMethod.java
2002.04.23 16:04 B C:\temp\burn\acme\public_html\cs4235\project\small\EncryptionColumnarMethod.class <-- Ipswitch /tnt1/41/gte187k/public_html/cs4235/project/small EncryptionColumnarMethod.class
2002.04.23 16:04 B C:\temp\burn\acme\public_html\cs4235\project\small\EncryptionColumnarMethod.java <-- Ipswitch /tnt1/41/gte187k/public_html/cs4235/project/small EncryptionColumnarMethod.java
2002.04.23 16:04 B C:\temp\burn\acme\public_html\cs4235\project\small\EncryptionDESMethod.class <-- Ipswitch /tnt1/41/gte187k/public_html/cs4235/project/small EncryptionDESMethod.class
2002.04.23 16:04 B C:\temp\burn\acme\public_html\cs4235\project\small\EncryptionDESMethod.java <-- Ipswitch /tnt1/41/gte187k/public_html/cs4235/project/small EncryptionDESMethod.java
2002.04.23 16:04 B C:\temp\burn\acme\public_html\cs4235\project\small\EncryptionElGamalMethod.class <-- Ipswitch /tnt1/41/gte187k/public_html/cs4235/project/small EncryptionElGamalMethod.class
2002.04.23 16:04 B C:\temp\burn\acme\public_html\cs4235\project\small\EncryptionElGamalMethod.java <-- Ipswitch /tnt1/41/gte187k/public_html/cs4235/project/small EncryptionElGamalMethod.java
2002.04.23 16:04 B C:\temp\burn\acme\public_html\cs4235\project\small\EncryptionMerkleHellmanMethod.class <-- Ipswitch /tnt1/41/gte187k/public_html/cs4235/project/small EncryptionMerkleHellmanMethod.class
2002.04.23 16:04 B C:\temp\burn\acme\public_html\cs4235\project\small\EncryptionMerkleHellmanMethod.java <-- Ipswitch /tnt1/41/gte187k/public_html/cs4235/project/small EncryptionMerkleHellmanMethod.java
2002.04.23 16:04 B C:\temp\burn\acme\public_html\cs4235\project\small\EncryptionMethod.class <-- Ipswitch /tnt1/41/gte187k/public_html/cs4235/project/small EncryptionMethod.class
2002.04.23 16:04 B C:\temp\burn\acme\public_html\cs4235\project\small\EncryptionMethod.java <-- Ipswitch /tnt1/41/gte187k/public_html/cs4235/project/small EncryptionMethod.java
2002.04.23 16:04 B C:\temp\burn\acme\public_html\cs4235\project\small\EncryptionPolyalphabeticMethod.class <-- Ipswitch /tnt1/41/gte187k/public_html/cs4235/project/small EncryptionPolyalphabeticMethod.class
2002.04.23 16:04 B C:\temp\burn\acme\public_html\cs4235\project\small\EncryptionPolyalphabeticMethod.java <-- Ipswitch /tnt1/41/gte187k/public_html/cs4235/project/small EncryptionPolyalphabeticMethod.java
2002.04.23 16:04 B C:\temp\burn\acme\public_html\cs4235\project\small\EncryptionProject$1.class <-- Ipswitch /tnt1/41/gte187k/public_html/cs4235/project/small EncryptionProject$1.class
2002.04.23 16:04 B C:\temp\burn\acme\public_html\cs4235\project\small\EncryptionProject.class <-- Ipswitch /tnt1/41/gte187k/public_html/cs4235/project/small EncryptionProject.class
2002.04.23 16:04 B C:\temp\burn\acme\public_html\cs4235\project\small\EncryptionProject.html <-- Ipswitch /tnt1/41/gte187k/public_html/cs4235/project/small EncryptionProject.html
2002.04.23 16:04 B C:\temp\burn\acme\public_html\cs4235\project\small\EncryptionProject.java <-- Ipswitch /tnt1/41/gte187k/public_html/cs4235/project/small EncryptionProject.java
2002.04.23 16:04 B C:\temp\burn\acme\public_html\cs4235\project\small\EncryptionProjectPanel$1.class <-- Ipswitch /tnt1/41/gte187k/public_html/cs4235/project/small EncryptionProjectPanel$1.class
2002.04.23 16:04 B C:\temp\burn\acme\public_html\cs4235\project\small\EncryptionProjectPanel.class <-- Ipswitch /tnt1/41/gte187k/public_html/cs4235/project/small EncryptionProjectPanel.class
2002.04.23 16:04 B C:\temp\burn\acme\public_html\cs4235\project\small\EncryptionProjectPanel.java <-- Ipswitch /tnt1/41/gte187k/public_html/cs4235/project/small EncryptionProjectPanel.java
2002.04.23 16:04 B C:\temp\burn\acme\public_html\cs4235\project\small\EncryptionRSAMethod.class <-- Ipswitch /tnt1/41/gte187k/public_html/cs4235/project/small EncryptionRSAMethod.class
2002.04.23 16:04 B C:\temp\burn\acme\public_html\cs4235\project\small\EncryptionRSAMethod.java <-- Ipswitch /tnt1/41/gte187k/public_html/cs4235/project/small EncryptionRSAMethod.java
2002.04.23 16:04 B C:\temp\burn\acme\public_html\cs4235\project\small\EncryptionVernamMethod.class <-- Ipswitch /tnt1/41/gte187k/public_html/cs4235/project/small EncryptionVernamMethod.class
2002.04.23 16:04 B C:\temp\burn\acme\public_html\cs4235\project\small\EncryptionVernamMethod.java <-- Ipswitch /tnt1/41/gte187k/public_html/cs4235/project/small EncryptionVernamMethod.java
2002.04.23 16:04 B C:\temp\burn\acme\public_html\cs4235\project\small\old.biteme <-- Ipswitch /tnt1/41/gte187k/public_html/cs4235/project/small old.biteme
2002.04.23 16:04 B C:\temp\burn\acme\public_html\cs4235\project\small\small.html <-- Ipswitch /tnt1/41/gte187k/public_html/cs4235/project/small small.html
2002.04.23 16:04 B C:\temp\burn\acme\public_html\cs4235\project\small\SRS.doc <-- Ipswitch /tnt1/41/gte187k/public_html/cs4235/project/small SRS.doc
2002.04.23 16:04 B C:\temp\burn\acme\public_html\cs4235\project\small\testcases.doc <-- Ipswitch /tnt1/41/gte187k/public_html/cs4235/project/small testcases.doc
2002.04.23 16:04 B C:\temp\burn\acme\public_html\cs4235\project\small\TutorialDisplay$1.class <-- Ipswitch /tnt1/41/gte187k/public_html/cs4235/project/small TutorialDisplay$1.class
2002.04.23 16:04 B C:\temp\burn\acme\public_html\cs4235\project\small\TutorialDisplay.class <-- Ipswitch /tnt1/41/gte187k/public_html/cs4235/project/small TutorialDisplay.class
2002.04.23 16:04 B C:\temp\burn\acme\public_html\cs4235\project\small\TutorialDisplay.java <-- Ipswitch /tnt1/41/gte187k/public_html/cs4235/project/small TutorialDisplay.java
