2002.04.23 16:37 B C:\temp\burn\oscar_cc\lockheed\Fall 2000\.#index.html.1.10 <-- Ipswitch /net/ac89/www-db3/classes/RWL/Projects/lockheed/Fall 2000 .#index.html.1.10
2002.04.23 16:37 B C:\temp\burn\oscar_cc\lockheed\Fall 2000\.#index.html.1.11 <-- Ipswitch /net/ac89/www-db3/classes/RWL/Projects/lockheed/Fall 2000 .#index.html.1.11
2002.04.23 16:37 B C:\temp\burn\oscar_cc\lockheed\Fall 2000\.#index.html.1.12 <-- Ipswitch /net/ac89/www-db3/classes/RWL/Projects/lockheed/Fall 2000 .#index.html.1.12
2002.04.23 16:37 B C:\temp\burn\oscar_cc\lockheed\Fall 2000\.#index.html.1.13 <-- Ipswitch /net/ac89/www-db3/classes/RWL/Projects/lockheed/Fall 2000 .#index.html.1.13
2002.04.23 16:37 B C:\temp\burn\oscar_cc\lockheed\Fall 2000\.#index.html.1.14 <-- Ipswitch /net/ac89/www-db3/classes/RWL/Projects/lockheed/Fall 2000 .#index.html.1.14
2002.04.23 16:37 B C:\temp\burn\oscar_cc\lockheed\Fall 2000\.#index.html.1.15 <-- Ipswitch /net/ac89/www-db3/classes/RWL/Projects/lockheed/Fall 2000 .#index.html.1.15
2002.04.23 16:37 B C:\temp\burn\oscar_cc\lockheed\Fall 2000\.#index.html.1.16 <-- Ipswitch /net/ac89/www-db3/classes/RWL/Projects/lockheed/Fall 2000 .#index.html.1.16
2002.04.23 16:37 B C:\temp\burn\oscar_cc\lockheed\Fall 2000\.#index.html.1.17 <-- Ipswitch /net/ac89/www-db3/classes/RWL/Projects/lockheed/Fall 2000 .#index.html.1.17
2002.04.23 16:37 B C:\temp\burn\oscar_cc\lockheed\Fall 2000\.#missile.jpg.1.1 <-- Ipswitch /net/ac89/www-db3/classes/RWL/Projects/lockheed/Fall 2000 .#missile.jpg.1.1
2002.04.23 16:37 B C:\temp\burn\oscar_cc\lockheed\Fall 2000\.#usecases.gif.1.1 <-- Ipswitch /net/ac89/www-db3/classes/RWL/Projects/lockheed/Fall 2000 .#usecases.gif.1.1
2002.04.23 16:37 B C:\temp\burn\oscar_cc\lockheed\Fall 2000\bigboat.jpg <-- Ipswitch /net/ac89/www-db3/classes/RWL/Projects/lockheed/Fall 2000 bigboat.jpg
2002.04.23 16:37 B C:\temp\burn\oscar_cc\lockheed\Fall 2000\contact.html <-- Ipswitch /net/ac89/www-db3/classes/RWL/Projects/lockheed/Fall 2000 contact.html
2002.04.23 16:37 B C:\temp\burn\oscar_cc\lockheed\Fall 2000\control.jpg <-- Ipswitch /net/ac89/www-db3/classes/RWL/Projects/lockheed/Fall 2000 control.jpg
2002.04.23 16:38 B C:\temp\burn\oscar_cc\lockheed\Fall 2000\critique.html <-- Ipswitch /net/ac89/www-db3/classes/RWL/Projects/lockheed/Fall 2000 critique.html
2002.04.23 16:38 B C:\temp\burn\oscar_cc\lockheed\Fall 2000\database_diagram.gif <-- Ipswitch /net/ac89/www-db3/classes/RWL/Projects/lockheed/Fall 2000 database_diagram.gif
2002.04.23 16:38 B C:\temp\burn\oscar_cc\lockheed\Fall 2000\db.jpg <-- Ipswitch /net/ac89/www-db3/classes/RWL/Projects/lockheed/Fall 2000 db.jpg
2002.04.23 16:38 B C:\temp\burn\oscar_cc\lockheed\Fall 2000\dbdoc.html <-- Ipswitch /net/ac89/www-db3/classes/RWL/Projects/lockheed/Fall 2000 dbdoc.html
2002.04.23 16:38 B C:\temp\burn\oscar_cc\lockheed\Fall 2000\dbdoc.html.bak <-- Ipswitch /net/ac89/www-db3/classes/RWL/Projects/lockheed/Fall 2000 dbdoc.html.bak
2002.04.23 16:38 B C:\temp\burn\oscar_cc\lockheed\Fall 2000\design.doc.html <-- Ipswitch /net/ac89/www-db3/classes/RWL/Projects/lockheed/Fall 2000 design.doc.html
2002.04.23 16:38 B C:\temp\burn\oscar_cc\lockheed\Fall 2000\emails.htm <-- Ipswitch /net/ac89/www-db3/classes/RWL/Projects/lockheed/Fall 2000 emails.htm
2002.04.23 16:38 B C:\temp\burn\oscar_cc\lockheed\Fall 2000\eos.html <-- Ipswitch /net/ac89/www-db3/classes/RWL/Projects/lockheed/Fall 2000 eos.html
2002.04.23 16:38 B C:\temp\burn\oscar_cc\lockheed\Fall 2000\er_diagram.htm <-- Ipswitch /net/ac89/www-db3/classes/RWL/Projects/lockheed/Fall 2000 er_diagram.htm
2002.04.23 16:38 B C:\temp\burn\oscar_cc\lockheed\Fall 2000\erdiagram.jpg <-- Ipswitch /net/ac89/www-db3/classes/RWL/Projects/lockheed/Fall 2000 erdiagram.jpg
2002.04.23 16:38 B C:\temp\burn\oscar_cc\lockheed\Fall 2000\Fall 2000 Final Presentation.ppt <-- Ipswitch /net/ac89/www-db3/classes/RWL/Projects/lockheed/Fall 2000 Fall 2000 Final Presentation.ppt
2002.04.23 16:38 B C:\temp\burn\oscar_cc\lockheed\Fall 2000\Group.jpg <-- Ipswitch /net/ac89/www-db3/classes/RWL/Projects/lockheed/Fall 2000 Group.jpg
2002.04.23 16:38 B C:\temp\burn\oscar_cc\lockheed\Fall 2000\history.html <-- Ipswitch /net/ac89/www-db3/classes/RWL/Projects/lockheed/Fall 2000 history.html
2002.04.23 16:38 B C:\temp\burn\oscar_cc\lockheed\Fall 2000\index.html <-- Ipswitch /net/ac89/www-db3/classes/RWL/Projects/lockheed/Fall 2000 index.html
2002.04.23 16:38 B C:\temp\burn\oscar_cc\lockheed\Fall 2000\logo.gif <-- Ipswitch /net/ac89/www-db3/classes/RWL/Projects/lockheed/Fall 2000 logo.gif
2002.04.23 16:38 B C:\temp\burn\oscar_cc\lockheed\Fall 2000\long.project.plan.html <-- Ipswitch /net/ac89/www-db3/classes/RWL/Projects/lockheed/Fall 2000 long.project.plan.html
2002.04.23 16:38 B C:\temp\burn\oscar_cc\lockheed\Fall 2000\meetings.html <-- Ipswitch /net/ac89/www-db3/classes/RWL/Projects/lockheed/Fall 2000 meetings.html
2002.04.23 16:38 B C:\temp\burn\oscar_cc\lockheed\Fall 2000\missile.jpg <-- Ipswitch /net/ac89/www-db3/classes/RWL/Projects/lockheed/Fall 2000 missile.jpg
2002.04.23 16:38 B C:\temp\burn\oscar_cc\lockheed\Fall 2000\object_diagram.jpg <-- Ipswitch /net/ac89/www-db3/classes/RWL/Projects/lockheed/Fall 2000 object_diagram.jpg
2002.04.23 16:38 B C:\temp\burn\oscar_cc\lockheed\Fall 2000\presentation.html <-- Ipswitch /net/ac89/www-db3/classes/RWL/Projects/lockheed/Fall 2000 presentation.html
2002.04.23 16:38 B C:\temp\burn\oscar_cc\lockheed\Fall 2000\requirements.html <-- Ipswitch /net/ac89/www-db3/classes/RWL/Projects/lockheed/Fall 2000 requirements.html
2002.04.23 16:38 B C:\temp\burn\oscar_cc\lockheed\Fall 2000\reviews.html <-- Ipswitch /net/ac89/www-db3/classes/RWL/Projects/lockheed/Fall 2000 reviews.html
2002.04.23 16:38 B C:\temp\burn\oscar_cc\lockheed\Fall 2000\screenshots.html <-- Ipswitch /net/ac89/www-db3/classes/RWL/Projects/lockheed/Fall 2000 screenshots.html
2002.04.23 16:38 B C:\temp\burn\oscar_cc\lockheed\Fall 2000\short.project.plan.html <-- Ipswitch /net/ac89/www-db3/classes/RWL/Projects/lockheed/Fall 2000 short.project.plan.html
2002.04.23 16:38 B C:\temp\burn\oscar_cc\lockheed\Fall 2000\short.update.GIF <-- Ipswitch /net/ac89/www-db3/classes/RWL/Projects/lockheed/Fall 2000 short.update.GIF
2002.04.23 16:38 B C:\temp\burn\oscar_cc\lockheed\Fall 2000\sql_statements.txt <-- Ipswitch /net/ac89/www-db3/classes/RWL/Projects/lockheed/Fall 2000 sql_statements.txt
2002.04.23 16:38 B C:\temp\burn\oscar_cc\lockheed\Fall 2000\status.GIF <-- Ipswitch /net/ac89/www-db3/classes/RWL/Projects/lockheed/Fall 2000 status.GIF
2002.04.23 16:38 B C:\temp\burn\oscar_cc\lockheed\Fall 2000\statusreports.html <-- Ipswitch /net/ac89/www-db3/classes/RWL/Projects/lockheed/Fall 2000 statusreports.html
2002.04.23 16:38 B C:\temp\burn\oscar_cc\lockheed\Fall 2000\test.plan.html <-- Ipswitch /net/ac89/www-db3/classes/RWL/Projects/lockheed/Fall 2000 test.plan.html
2002.04.23 16:38 B C:\temp\burn\oscar_cc\lockheed\Fall 2000\updated.short.project.plan.html <-- Ipswitch /net/ac89/www-db3/classes/RWL/Projects/lockheed/Fall 2000 updated.short.project.plan.html
2002.04.23 16:38 B C:\temp\burn\oscar_cc\lockheed\Fall 2000\usecases.gif <-- Ipswitch /net/ac89/www-db3/classes/RWL/Projects/lockheed/Fall 2000 usecases.gif
2002.04.23 16:38 B C:\temp\burn\oscar_cc\lockheed\Fall 2000\usecasesui.html <-- Ipswitch /net/ac89/www-db3/classes/RWL/Projects/lockheed/Fall 2000 usecasesui.html
