2002.04.23 16:37 B C:\temp\burn\oscar_cc\lockheed\Fall 2000\screenshots\_vti_cnf\AddBehavior.gif <-- Ipswitch /net/ac89/www-db3/classes/RWL/Projects/lockheed/Fall 2000/screenshots/_vti_cnf AddBehavior.gif
2002.04.23 16:37 B C:\temp\burn\oscar_cc\lockheed\Fall 2000\screenshots\_vti_cnf\AddDevice.gif <-- Ipswitch /net/ac89/www-db3/classes/RWL/Projects/lockheed/Fall 2000/screenshots/_vti_cnf AddDevice.gif
2002.04.23 16:37 B C:\temp\burn\oscar_cc\lockheed\Fall 2000\screenshots\_vti_cnf\AddSystem.gif <-- Ipswitch /net/ac89/www-db3/classes/RWL/Projects/lockheed/Fall 2000/screenshots/_vti_cnf AddSystem.gif
2002.04.23 16:37 B C:\temp\burn\oscar_cc\lockheed\Fall 2000\screenshots\_vti_cnf\AddUser.gif <-- Ipswitch /net/ac89/www-db3/classes/RWL/Projects/lockheed/Fall 2000/screenshots/_vti_cnf AddUser.gif
2002.04.23 16:37 B C:\temp\burn\oscar_cc\lockheed\Fall 2000\screenshots\_vti_cnf\AddZone.gif <-- Ipswitch /net/ac89/www-db3/classes/RWL/Projects/lockheed/Fall 2000/screenshots/_vti_cnf AddZone.gif
2002.04.23 16:37 B C:\temp\burn\oscar_cc\lockheed\Fall 2000\screenshots\_vti_cnf\ChangePassword.gif <-- Ipswitch /net/ac89/www-db3/classes/RWL/Projects/lockheed/Fall 2000/screenshots/_vti_cnf ChangePassword.gif
2002.04.23 16:37 B C:\temp\burn\oscar_cc\lockheed\Fall 2000\screenshots\_vti_cnf\DeviceList.gif <-- Ipswitch /net/ac89/www-db3/classes/RWL/Projects/lockheed/Fall 2000/screenshots/_vti_cnf DeviceList.gif
2002.04.23 16:37 B C:\temp\burn\oscar_cc\lockheed\Fall 2000\screenshots\_vti_cnf\Exit.gif <-- Ipswitch /net/ac89/www-db3/classes/RWL/Projects/lockheed/Fall 2000/screenshots/_vti_cnf Exit.gif
2002.04.23 16:37 B C:\temp\burn\oscar_cc\lockheed\Fall 2000\screenshots\_vti_cnf\Login.gif <-- Ipswitch /net/ac89/www-db3/classes/RWL/Projects/lockheed/Fall 2000/screenshots/_vti_cnf Login.gif
2002.04.23 16:37 B C:\temp\burn\oscar_cc\lockheed\Fall 2000\screenshots\_vti_cnf\MainMenu.gif <-- Ipswitch /net/ac89/www-db3/classes/RWL/Projects/lockheed/Fall 2000/screenshots/_vti_cnf MainMenu.gif
2002.04.23 16:37 B C:\temp\burn\oscar_cc\lockheed\Fall 2000\screenshots\_vti_cnf\thAddBehavior.gif <-- Ipswitch /net/ac89/www-db3/classes/RWL/Projects/lockheed/Fall 2000/screenshots/_vti_cnf thAddBehavior.gif
2002.04.23 16:37 B C:\temp\burn\oscar_cc\lockheed\Fall 2000\screenshots\_vti_cnf\thAddDevice.gif <-- Ipswitch /net/ac89/www-db3/classes/RWL/Projects/lockheed/Fall 2000/screenshots/_vti_cnf thAddDevice.gif
2002.04.23 16:37 B C:\temp\burn\oscar_cc\lockheed\Fall 2000\screenshots\_vti_cnf\thAddSystem.gif <-- Ipswitch /net/ac89/www-db3/classes/RWL/Projects/lockheed/Fall 2000/screenshots/_vti_cnf thAddSystem.gif
2002.04.23 16:37 B C:\temp\burn\oscar_cc\lockheed\Fall 2000\screenshots\_vti_cnf\thAddUser.gif <-- Ipswitch /net/ac89/www-db3/classes/RWL/Projects/lockheed/Fall 2000/screenshots/_vti_cnf thAddUser.gif
2002.04.23 16:37 B C:\temp\burn\oscar_cc\lockheed\Fall 2000\screenshots\_vti_cnf\thAddZone.gif <-- Ipswitch /net/ac89/www-db3/classes/RWL/Projects/lockheed/Fall 2000/screenshots/_vti_cnf thAddZone.gif
2002.04.23 16:37 B C:\temp\burn\oscar_cc\lockheed\Fall 2000\screenshots\_vti_cnf\thChangePassword.gif <-- Ipswitch /net/ac89/www-db3/classes/RWL/Projects/lockheed/Fall 2000/screenshots/_vti_cnf thChangePassword.gif
2002.04.23 16:37 B C:\temp\burn\oscar_cc\lockheed\Fall 2000\screenshots\_vti_cnf\thDeviceList.gif <-- Ipswitch /net/ac89/www-db3/classes/RWL/Projects/lockheed/Fall 2000/screenshots/_vti_cnf thDeviceList.gif
2002.04.23 16:37 B C:\temp\burn\oscar_cc\lockheed\Fall 2000\screenshots\_vti_cnf\thExit.gif <-- Ipswitch /net/ac89/www-db3/classes/RWL/Projects/lockheed/Fall 2000/screenshots/_vti_cnf thExit.gif
2002.04.23 16:37 B C:\temp\burn\oscar_cc\lockheed\Fall 2000\screenshots\_vti_cnf\thLogin.gif <-- Ipswitch /net/ac89/www-db3/classes/RWL/Projects/lockheed/Fall 2000/screenshots/_vti_cnf thLogin.gif
2002.04.23 16:37 B C:\temp\burn\oscar_cc\lockheed\Fall 2000\screenshots\_vti_cnf\thMainMenu.gif <-- Ipswitch /net/ac89/www-db3/classes/RWL/Projects/lockheed/Fall 2000/screenshots/_vti_cnf thMainMenu.gif
2002.04.23 16:37 B C:\temp\burn\oscar_cc\lockheed\Fall 2000\screenshots\_vti_cnf\thUserManager.gif <-- Ipswitch /net/ac89/www-db3/classes/RWL/Projects/lockheed/Fall 2000/screenshots/_vti_cnf thUserManager.gif
2002.04.23 16:37 B C:\temp\burn\oscar_cc\lockheed\Fall 2000\screenshots\_vti_cnf\UserManager.gif <-- Ipswitch /net/ac89/www-db3/classes/RWL/Projects/lockheed/Fall 2000/screenshots/_vti_cnf UserManager.gif
