2002.04.23 16:37 B C:\temp\burn\oscar_cc\lockheed\Fall 2000\screenshots\AddBehavior.gif <-- Ipswitch /net/ac89/www-db3/classes/RWL/Projects/lockheed/Fall 2000/screenshots AddBehavior.gif
2002.04.23 16:37 B C:\temp\burn\oscar_cc\lockheed\Fall 2000\screenshots\AddDevice.gif <-- Ipswitch /net/ac89/www-db3/classes/RWL/Projects/lockheed/Fall 2000/screenshots AddDevice.gif
2002.04.23 16:37 B C:\temp\burn\oscar_cc\lockheed\Fall 2000\screenshots\AddSystem.gif <-- Ipswitch /net/ac89/www-db3/classes/RWL/Projects/lockheed/Fall 2000/screenshots AddSystem.gif
2002.04.23 16:37 B C:\temp\burn\oscar_cc\lockheed\Fall 2000\screenshots\AddUser.gif <-- Ipswitch /net/ac89/www-db3/classes/RWL/Projects/lockheed/Fall 2000/screenshots AddUser.gif
2002.04.23 16:37 B C:\temp\burn\oscar_cc\lockheed\Fall 2000\screenshots\AddZone.gif <-- Ipswitch /net/ac89/www-db3/classes/RWL/Projects/lockheed/Fall 2000/screenshots AddZone.gif
2002.04.23 16:37 B C:\temp\burn\oscar_cc\lockheed\Fall 2000\screenshots\ChangePassword.gif <-- Ipswitch /net/ac89/www-db3/classes/RWL/Projects/lockheed/Fall 2000/screenshots ChangePassword.gif
2002.04.23 16:37 B C:\temp\burn\oscar_cc\lockheed\Fall 2000\screenshots\DeviceList.gif <-- Ipswitch /net/ac89/www-db3/classes/RWL/Projects/lockheed/Fall 2000/screenshots DeviceList.gif
2002.04.23 16:37 B C:\temp\burn\oscar_cc\lockheed\Fall 2000\screenshots\Exit.gif <-- Ipswitch /net/ac89/www-db3/classes/RWL/Projects/lockheed/Fall 2000/screenshots Exit.gif
2002.04.23 16:37 B C:\temp\burn\oscar_cc\lockheed\Fall 2000\screenshots\Login.gif <-- Ipswitch /net/ac89/www-db3/classes/RWL/Projects/lockheed/Fall 2000/screenshots Login.gif
2002.04.23 16:37 B C:\temp\burn\oscar_cc\lockheed\Fall 2000\screenshots\MainMenu.gif <-- Ipswitch /net/ac89/www-db3/classes/RWL/Projects/lockheed/Fall 2000/screenshots MainMenu.gif
2002.04.23 16:37 B C:\temp\burn\oscar_cc\lockheed\Fall 2000\screenshots\thAddBehavior.gif <-- Ipswitch /net/ac89/www-db3/classes/RWL/Projects/lockheed/Fall 2000/screenshots thAddBehavior.gif
2002.04.23 16:37 B C:\temp\burn\oscar_cc\lockheed\Fall 2000\screenshots\thAddDevice.gif <-- Ipswitch /net/ac89/www-db3/classes/RWL/Projects/lockheed/Fall 2000/screenshots thAddDevice.gif
2002.04.23 16:37 B C:\temp\burn\oscar_cc\lockheed\Fall 2000\screenshots\thAddSystem.gif <-- Ipswitch /net/ac89/www-db3/classes/RWL/Projects/lockheed/Fall 2000/screenshots thAddSystem.gif
2002.04.23 16:37 B C:\temp\burn\oscar_cc\lockheed\Fall 2000\screenshots\thAddUser.gif <-- Ipswitch /net/ac89/www-db3/classes/RWL/Projects/lockheed/Fall 2000/screenshots thAddUser.gif
2002.04.23 16:37 B C:\temp\burn\oscar_cc\lockheed\Fall 2000\screenshots\thAddZone.gif <-- Ipswitch /net/ac89/www-db3/classes/RWL/Projects/lockheed/Fall 2000/screenshots thAddZone.gif
2002.04.23 16:37 B C:\temp\burn\oscar_cc\lockheed\Fall 2000\screenshots\thChangePassword.gif <-- Ipswitch /net/ac89/www-db3/classes/RWL/Projects/lockheed/Fall 2000/screenshots thChangePassword.gif
2002.04.23 16:37 B C:\temp\burn\oscar_cc\lockheed\Fall 2000\screenshots\thDeviceList.gif <-- Ipswitch /net/ac89/www-db3/classes/RWL/Projects/lockheed/Fall 2000/screenshots thDeviceList.gif
2002.04.23 16:37 B C:\temp\burn\oscar_cc\lockheed\Fall 2000\screenshots\thExit.gif <-- Ipswitch /net/ac89/www-db3/classes/RWL/Projects/lockheed/Fall 2000/screenshots thExit.gif
2002.04.23 16:37 B C:\temp\burn\oscar_cc\lockheed\Fall 2000\screenshots\thLogin.gif <-- Ipswitch /net/ac89/www-db3/classes/RWL/Projects/lockheed/Fall 2000/screenshots thLogin.gif
2002.04.23 16:37 B C:\temp\burn\oscar_cc\lockheed\Fall 2000\screenshots\thMainMenu.gif <-- Ipswitch /net/ac89/www-db3/classes/RWL/Projects/lockheed/Fall 2000/screenshots thMainMenu.gif
2002.04.23 16:37 B C:\temp\burn\oscar_cc\lockheed\Fall 2000\screenshots\thUserManager.gif <-- Ipswitch /net/ac89/www-db3/classes/RWL/Projects/lockheed/Fall 2000/screenshots thUserManager.gif
2002.04.23 16:37 B C:\temp\burn\oscar_cc\lockheed\Fall 2000\screenshots\UserManager.gif <-- Ipswitch /net/ac89/www-db3/classes/RWL/Projects/lockheed/Fall 2000/screenshots UserManager.gif
