2002.04.23 16:04 B C:\temp\burn\acme\public_html\cs4235\project\javadoc\allclasses-frame.html <-- Ipswitch /tnt1/41/gte187k/public_html/cs4235/project/javadoc allclasses-frame.html
2002.04.23 16:04 B C:\temp\burn\acme\public_html\cs4235\project\javadoc\deprecated-list.html <-- Ipswitch /tnt1/41/gte187k/public_html/cs4235/project/javadoc deprecated-list.html
2002.04.23 16:04 B C:\temp\burn\acme\public_html\cs4235\project\javadoc\EncryptionCaesarMethod.html <-- Ipswitch /tnt1/41/gte187k/public_html/cs4235/project/javadoc EncryptionCaesarMethod.html
2002.04.23 16:04 B C:\temp\burn\acme\public_html\cs4235\project\javadoc\EncryptionColumnarMethod.html <-- Ipswitch /tnt1/41/gte187k/public_html/cs4235/project/javadoc EncryptionColumnarMethod.html
2002.04.23 16:04 B C:\temp\burn\acme\public_html\cs4235\project\javadoc\EncryptionDESMethod.html <-- Ipswitch /tnt1/41/gte187k/public_html/cs4235/project/javadoc EncryptionDESMethod.html
2002.04.23 16:04 B C:\temp\burn\acme\public_html\cs4235\project\javadoc\EncryptionElGamalMethod.html <-- Ipswitch /tnt1/41/gte187k/public_html/cs4235/project/javadoc EncryptionElGamalMethod.html
2002.04.23 16:04 B C:\temp\burn\acme\public_html\cs4235\project\javadoc\EncryptionMerkleHellmanMethod.html <-- Ipswitch /tnt1/41/gte187k/public_html/cs4235/project/javadoc EncryptionMerkleHellmanMethod.html
2002.04.23 16:04 B C:\temp\burn\acme\public_html\cs4235\project\javadoc\EncryptionMethod.html <-- Ipswitch /tnt1/41/gte187k/public_html/cs4235/project/javadoc EncryptionMethod.html
2002.04.23 16:04 B C:\temp\burn\acme\public_html\cs4235\project\javadoc\EncryptionPolyalphabeticMethod.html <-- Ipswitch /tnt1/41/gte187k/public_html/cs4235/project/javadoc EncryptionPolyalphabeticMethod.html
2002.04.23 16:04 B C:\temp\burn\acme\public_html\cs4235\project\javadoc\EncryptionProject.html <-- Ipswitch /tnt1/41/gte187k/public_html/cs4235/project/javadoc EncryptionProject.html
2002.04.23 16:04 B C:\temp\burn\acme\public_html\cs4235\project\javadoc\EncryptionProjectPanel.html <-- Ipswitch /tnt1/41/gte187k/public_html/cs4235/project/javadoc EncryptionProjectPanel.html
2002.04.23 16:04 B C:\temp\burn\acme\public_html\cs4235\project\javadoc\EncryptionRSAMethod.html <-- Ipswitch /tnt1/41/gte187k/public_html/cs4235/project/javadoc EncryptionRSAMethod.html
2002.04.23 16:04 B C:\temp\burn\acme\public_html\cs4235\project\javadoc\EncryptionVernamMethod.html <-- Ipswitch /tnt1/41/gte187k/public_html/cs4235/project/javadoc EncryptionVernamMethod.html
2002.04.23 16:04 B C:\temp\burn\acme\public_html\cs4235\project\javadoc\help-doc.html <-- Ipswitch /tnt1/41/gte187k/public_html/cs4235/project/javadoc help-doc.html
2002.04.23 16:04 B C:\temp\burn\acme\public_html\cs4235\project\javadoc\index-all.html <-- Ipswitch /tnt1/41/gte187k/public_html/cs4235/project/javadoc index-all.html
2002.04.23 16:04 B C:\temp\burn\acme\public_html\cs4235\project\javadoc\index.html <-- Ipswitch /tnt1/41/gte187k/public_html/cs4235/project/javadoc index.html
2002.04.23 16:04 B C:\temp\burn\acme\public_html\cs4235\project\javadoc\overview-tree.html <-- Ipswitch /tnt1/41/gte187k/public_html/cs4235/project/javadoc overview-tree.html
2002.04.23 16:04 B C:\temp\burn\acme\public_html\cs4235\project\javadoc\packages.html <-- Ipswitch /tnt1/41/gte187k/public_html/cs4235/project/javadoc packages.html
2002.04.23 16:04 B C:\temp\burn\acme\public_html\cs4235\project\javadoc\serialized-form.html <-- Ipswitch /tnt1/41/gte187k/public_html/cs4235/project/javadoc serialized-form.html
2002.04.23 16:04 B C:\temp\burn\acme\public_html\cs4235\project\javadoc\stylesheet.css <-- Ipswitch /tnt1/41/gte187k/public_html/cs4235/project/javadoc stylesheet.css
2002.04.23 16:04 B C:\temp\burn\acme\public_html\cs4235\project\javadoc\TutorialDisplay.html <-- Ipswitch /tnt1/41/gte187k/public_html/cs4235/project/javadoc TutorialDisplay.html
