2002.04.23 16:04 B C:\temp\burn\acme\public_html\cs4235\project\CharacterConversion.html <-- Ipswitch /tnt1/41/gte187k/public_html/cs4235/project CharacterConversion.html
2002.04.23 16:04 B C:\temp\burn\acme\public_html\cs4235\project\design.doc <-- Ipswitch /tnt1/41/gte187k/public_html/cs4235/project design.doc
2002.04.23 16:04 B C:\temp\burn\acme\public_html\cs4235\project\EncryptionCaesarMethod.class <-- Ipswitch /tnt1/41/gte187k/public_html/cs4235/project EncryptionCaesarMethod.class
2002.04.23 16:04 B C:\temp\burn\acme\public_html\cs4235\project\EncryptionCaesarMethod.java <-- Ipswitch /tnt1/41/gte187k/public_html/cs4235/project EncryptionCaesarMethod.java
2002.04.23 16:04 B C:\temp\burn\acme\public_html\cs4235\project\EncryptionColumnarMethod.class <-- Ipswitch /tnt1/41/gte187k/public_html/cs4235/project EncryptionColumnarMethod.class
2002.04.23 16:04 B C:\temp\burn\acme\public_html\cs4235\project\EncryptionColumnarMethod.java <-- Ipswitch /tnt1/41/gte187k/public_html/cs4235/project EncryptionColumnarMethod.java
2002.04.23 16:04 B C:\temp\burn\acme\public_html\cs4235\project\EncryptionDESMethod.class <-- Ipswitch /tnt1/41/gte187k/public_html/cs4235/project EncryptionDESMethod.class
2002.04.23 16:04 B C:\temp\burn\acme\public_html\cs4235\project\EncryptionDESMethod.java <-- Ipswitch /tnt1/41/gte187k/public_html/cs4235/project EncryptionDESMethod.java
2002.04.23 16:04 B C:\temp\burn\acme\public_html\cs4235\project\EncryptionElGamalMethod.class <-- Ipswitch /tnt1/41/gte187k/public_html/cs4235/project EncryptionElGamalMethod.class
2002.04.23 16:04 B C:\temp\burn\acme\public_html\cs4235\project\EncryptionElGamalMethod.java <-- Ipswitch /tnt1/41/gte187k/public_html/cs4235/project EncryptionElGamalMethod.java
2002.04.23 16:04 B C:\temp\burn\acme\public_html\cs4235\project\EncryptionMerkleHellmanMethod.class <-- Ipswitch /tnt1/41/gte187k/public_html/cs4235/project EncryptionMerkleHellmanMethod.class
2002.04.23 16:04 B C:\temp\burn\acme\public_html\cs4235\project\EncryptionMerkleHellmanMethod.java <-- Ipswitch /tnt1/41/gte187k/public_html/cs4235/project EncryptionMerkleHellmanMethod.java
2002.04.23 16:04 B C:\temp\burn\acme\public_html\cs4235\project\EncryptionMethod.class <-- Ipswitch /tnt1/41/gte187k/public_html/cs4235/project EncryptionMethod.class
2002.04.23 16:05 B C:\temp\burn\acme\public_html\cs4235\project\EncryptionMethod.java <-- Ipswitch /tnt1/41/gte187k/public_html/cs4235/project EncryptionMethod.java
2002.04.23 16:05 B C:\temp\burn\acme\public_html\cs4235\project\EncryptionPolyalphabeticMethod.class <-- Ipswitch /tnt1/41/gte187k/public_html/cs4235/project EncryptionPolyalphabeticMethod.class
2002.04.23 16:05 B C:\temp\burn\acme\public_html\cs4235\project\EncryptionPolyalphabeticMethod.java <-- Ipswitch /tnt1/41/gte187k/public_html/cs4235/project EncryptionPolyalphabeticMethod.java
2002.04.23 16:05 B C:\temp\burn\acme\public_html\cs4235\project\EncryptionProject$1.class <-- Ipswitch /tnt1/41/gte187k/public_html/cs4235/project EncryptionProject$1.class
2002.04.23 16:05 B C:\temp\burn\acme\public_html\cs4235\project\EncryptionProject.class <-- Ipswitch /tnt1/41/gte187k/public_html/cs4235/project EncryptionProject.class
2002.04.23 16:05 B C:\temp\burn\acme\public_html\cs4235\project\EncryptionProject.html <-- Ipswitch /tnt1/41/gte187k/public_html/cs4235/project EncryptionProject.html
2002.04.23 16:05 B C:\temp\burn\acme\public_html\cs4235\project\EncryptionProject.java <-- Ipswitch /tnt1/41/gte187k/public_html/cs4235/project EncryptionProject.java
2002.04.23 16:05 B C:\temp\burn\acme\public_html\cs4235\project\EncryptionProjectPanel$1.class <-- Ipswitch /tnt1/41/gte187k/public_html/cs4235/project EncryptionProjectPanel$1.class
2002.04.23 16:05 B C:\temp\burn\acme\public_html\cs4235\project\EncryptionProjectPanel.class <-- Ipswitch /tnt1/41/gte187k/public_html/cs4235/project EncryptionProjectPanel.class
2002.04.23 16:05 B C:\temp\burn\acme\public_html\cs4235\project\EncryptionProjectPanel.java <-- Ipswitch /tnt1/41/gte187k/public_html/cs4235/project EncryptionProjectPanel.java
2002.04.23 16:05 B C:\temp\burn\acme\public_html\cs4235\project\EncryptionRSAMethod.class <-- Ipswitch /tnt1/41/gte187k/public_html/cs4235/project EncryptionRSAMethod.class
2002.04.23 16:05 B C:\temp\burn\acme\public_html\cs4235\project\EncryptionRSAMethod.java <-- Ipswitch /tnt1/41/gte187k/public_html/cs4235/project EncryptionRSAMethod.java
2002.04.23 16:05 B C:\temp\burn\acme\public_html\cs4235\project\EncryptionVernamMethod.class <-- Ipswitch /tnt1/41/gte187k/public_html/cs4235/project EncryptionVernamMethod.class
2002.04.23 16:05 B C:\temp\burn\acme\public_html\cs4235\project\EncryptionVernamMethod.java <-- Ipswitch /tnt1/41/gte187k/public_html/cs4235/project EncryptionVernamMethod.java
2002.04.23 16:05 B C:\temp\burn\acme\public_html\cs4235\project\old.biteme <-- Ipswitch /tnt1/41/gte187k/public_html/cs4235/project old.biteme
2002.04.23 16:05 B C:\temp\burn\acme\public_html\cs4235\project\small.html <-- Ipswitch /tnt1/41/gte187k/public_html/cs4235/project small.html
2002.04.23 16:05 B C:\temp\burn\acme\public_html\cs4235\project\SRS.doc <-- Ipswitch /tnt1/41/gte187k/public_html/cs4235/project SRS.doc
2002.04.23 16:05 B C:\temp\burn\acme\public_html\cs4235\project\testcases.doc <-- Ipswitch /tnt1/41/gte187k/public_html/cs4235/project testcases.doc
2002.04.23 16:05 B C:\temp\burn\acme\public_html\cs4235\project\TutorialDisplay$1.class <-- Ipswitch /tnt1/41/gte187k/public_html/cs4235/project TutorialDisplay$1.class
2002.04.23 16:05 B C:\temp\burn\acme\public_html\cs4235\project\TutorialDisplay.class <-- Ipswitch /tnt1/41/gte187k/public_html/cs4235/project TutorialDisplay.class
2002.04.23 16:05 B C:\temp\burn\acme\public_html\cs4235\project\TutorialDisplay.java <-- Ipswitch /tnt1/41/gte187k/public_html/cs4235/project TutorialDisplay.java
